{"timestamp":"2026-05-20T15:29:18.078898Z","level":"warning","event":"Could not import pandas. Holidays will not be considered.","logger":"airflow.example_dags.plugins.workday","filename":"workday.py","lineno":41}
{"timestamp":"2026-05-20T15:29:18.204406Z","level":"info","event":"setup plugin alembic.autogenerate.schemas","logger":"alembic.runtime.plugins","filename":"plugins.py","lineno":37}
{"timestamp":"2026-05-20T15:29:18.204500Z","level":"info","event":"setup plugin alembic.autogenerate.tables","logger":"alembic.runtime.plugins","filename":"plugins.py","lineno":37}
{"timestamp":"2026-05-20T15:29:18.204536Z","level":"info","event":"setup plugin alembic.autogenerate.types","logger":"alembic.runtime.plugins","filename":"plugins.py","lineno":37}
{"timestamp":"2026-05-20T15:29:18.204567Z","level":"info","event":"setup plugin alembic.autogenerate.constraints","logger":"alembic.runtime.plugins","filename":"plugins.py","lineno":37}
{"timestamp":"2026-05-20T15:29:18.204597Z","level":"info","event":"setup plugin alembic.autogenerate.defaults","logger":"alembic.runtime.plugins","filename":"plugins.py","lineno":37}
{"timestamp":"2026-05-20T15:29:18.204627Z","level":"info","event":"setup plugin alembic.autogenerate.comments","logger":"alembic.runtime.plugins","filename":"plugins.py","lineno":37}
{"timestamp":"2026-05-20T15:29:18.331717Z","level":"info","event":"DAG bundles loaded: dags-folder, example_dags","logger":"airflow.dag_processing.bundles.manager.DagBundlesManager","filename":"manager.py","lineno":209}
{"timestamp":"2026-05-20T15:29:18.332101Z","level":"info","event":"Filling up the DagBag from /Users/prse/PycharmProjects/Airflow_Prac/dags/dag00.py","logger":"airflow.dag_processing.dagbag.BundleDagBag","filename":"dagbag.py","lineno":469}
{"timestamp":"2026-05-20T15:29:18.362370Z","level":"info","event":"Task instance is in running state","logger":"task.stdout"}
{"timestamp":"2026-05-20T15:29:18.362484Z","level":"info","event":" Previous state of the Task instance: TaskInstanceState.QUEUED","logger":"task.stdout"}
{"timestamp":"2026-05-20T15:29:18.362676Z","level":"info","event":"Current task name:print_hello","logger":"task.stdout"}
{"timestamp":"2026-05-20T15:29:18.362719Z","level":"info","event":"Dag name:my_first_dag","logger":"task.stdout"}
{"timestamp":"2026-05-20T15:29:18.363216Z","level":"info","event":"Tmp dir root location: /var/folders/d6/bcz61hjx7qq3g3mmqq8bdblh0000gn/T","logger":"airflow.task.hooks.airflow.providers.standard.hooks.subprocess.SubprocessHook","filename":"subprocess.py","lineno":78}
{"timestamp":"2026-05-20T15:29:18.363702Z","level":"info","event":"Running command: ['/opt/local/bin/bash', '-c', \"echo 'Hello from Airflow on Mac! 🚀'\"]","logger":"airflow.task.hooks.airflow.providers.standard.hooks.subprocess.SubprocessHook","filename":"subprocess.py","lineno":80}
{"timestamp":"2026-05-20T15:29:18.372984Z","level":"info","event":"Output:","logger":"airflow.task.hooks.airflow.providers.standard.hooks.subprocess.SubprocessHook","filename":"subprocess.py","lineno":92}
{"timestamp":"2026-05-20T15:29:18.411455Z","level":"info","event":"Hello from Airflow on Mac! 🚀","logger":"airflow.task.hooks.airflow.providers.standard.hooks.subprocess.SubprocessHook","filename":"subprocess.py","lineno":99}
{"timestamp":"2026-05-20T15:29:18.412550Z","level":"info","event":"Command exited with return code 0","logger":"airflow.task.hooks.airflow.providers.standard.hooks.subprocess.SubprocessHook","filename":"subprocess.py","lineno":103}
{"timestamp":"2026-05-20T15:29:18.413406Z","level":"info","event":"Pushing xcom","ti":"RuntimeTaskInstance(id=UUID('019e4601-5962-7cbc-b188-9a0dd5285e57'), task_id='print_hello', dag_id='my_first_dag', run_id='manual__2026-05-20T15:29:14.050700+00:00', try_number=1, dag_version_id=UUID('019e4569-66c4-7158-aea1-2085bf8651c7'), map_index=-1, hostname='priyankas-macbook-air.local', context_carrier={'traceparent': '00-a42f92aec5861edd50183a66e33bb632-68aa372336180b7d-01'}, task=<Task(BashOperator): print_hello>, bundle_instance=LocalDagBundle(name=dags-folder), max_tries=0, start_date=datetime.datetime(2026, 5, 20, 15, 29, 16, 771483, tzinfo=datetime.timezone.utc), end_date=None, state=<TaskInstanceState.RUNNING: 'running'>, is_mapped=False, rendered_map_index=None, sentry_integration='')","logger":"task","filename":"task_runner.py","lineno":1724}
{"timestamp":"2026-05-20T15:29:18.438969Z","level":"info","event":"Task instance in success state","logger":"task.stdout"}
{"timestamp":"2026-05-20T15:29:18.439114Z","level":"info","event":" Previous state of the Task instance: TaskInstanceState.RUNNING","logger":"task.stdout"}
{"timestamp":"2026-05-20T15:29:18.439478Z","level":"info","event":"Task operator:<Task(BashOperator): print_hello>","logger":"task.stdout"}
