{"timestamp":"2026-05-20T13:29:27.596234Z","level":"warning","event":"Could not import pandas. Holidays will not be considered.","logger":"airflow.example_dags.plugins.workday","filename":"workday.py","lineno":41}
{"timestamp":"2026-05-20T13:29:27.714930Z","level":"info","event":"setup plugin alembic.autogenerate.schemas","logger":"alembic.runtime.plugins","filename":"plugins.py","lineno":37}
{"timestamp":"2026-05-20T13:29:27.715045Z","level":"info","event":"setup plugin alembic.autogenerate.tables","logger":"alembic.runtime.plugins","filename":"plugins.py","lineno":37}
{"timestamp":"2026-05-20T13:29:27.715086Z","level":"info","event":"setup plugin alembic.autogenerate.types","logger":"alembic.runtime.plugins","filename":"plugins.py","lineno":37}
{"timestamp":"2026-05-20T13:29:27.715121Z","level":"info","event":"setup plugin alembic.autogenerate.constraints","logger":"alembic.runtime.plugins","filename":"plugins.py","lineno":37}
{"timestamp":"2026-05-20T13:29:27.715156Z","level":"info","event":"setup plugin alembic.autogenerate.defaults","logger":"alembic.runtime.plugins","filename":"plugins.py","lineno":37}
{"timestamp":"2026-05-20T13:29:27.715187Z","level":"info","event":"setup plugin alembic.autogenerate.comments","logger":"alembic.runtime.plugins","filename":"plugins.py","lineno":37}
{"timestamp":"2026-05-20T13:29:27.844532Z","level":"info","event":"DAG bundles loaded: dags-folder, example_dags","logger":"airflow.dag_processing.bundles.manager.DagBundlesManager","filename":"manager.py","lineno":209}
{"timestamp":"2026-05-20T13:29:27.844897Z","level":"info","event":"Filling up the DagBag from /Users/prse/PycharmProjects/Airflow_Prac/dags/dag00.py","logger":"airflow.dag_processing.dagbag.BundleDagBag","filename":"dagbag.py","lineno":469}
{"timestamp":"2026-05-20T13:29:27.877472Z","level":"info","event":"Task instance is in running state","logger":"task.stdout"}
{"timestamp":"2026-05-20T13:29:27.877590Z","level":"info","event":" Previous state of the Task instance: TaskInstanceState.QUEUED","logger":"task.stdout"}
{"timestamp":"2026-05-20T13:29:27.877757Z","level":"info","event":"Current task name:print_hello","logger":"task.stdout"}
{"timestamp":"2026-05-20T13:29:27.877802Z","level":"info","event":"Dag name:my_first_dag","logger":"task.stdout"}
{"timestamp":"2026-05-20T13:29:27.878460Z","level":"info","event":"Tmp dir root location: /var/folders/d6/bcz61hjx7qq3g3mmqq8bdblh0000gn/T","logger":"airflow.task.hooks.airflow.providers.standard.hooks.subprocess.SubprocessHook","filename":"subprocess.py","lineno":78}
{"timestamp":"2026-05-20T13:29:27.878716Z","level":"info","event":"Running command: ['/opt/local/bin/bash', '-c', \"echo 'Hello from Airflow on Mac! 🚀'\"]","logger":"airflow.task.hooks.airflow.providers.standard.hooks.subprocess.SubprocessHook","filename":"subprocess.py","lineno":80}
{"timestamp":"2026-05-20T13:29:27.887107Z","level":"info","event":"Output:","logger":"airflow.task.hooks.airflow.providers.standard.hooks.subprocess.SubprocessHook","filename":"subprocess.py","lineno":92}
{"timestamp":"2026-05-20T13:29:28.625131Z","level":"info","event":"Hello from Airflow on Mac! 🚀","logger":"airflow.task.hooks.airflow.providers.standard.hooks.subprocess.SubprocessHook","filename":"subprocess.py","lineno":99}
{"timestamp":"2026-05-20T13:29:28.626376Z","level":"info","event":"Command exited with return code 0","logger":"airflow.task.hooks.airflow.providers.standard.hooks.subprocess.SubprocessHook","filename":"subprocess.py","lineno":103}
{"timestamp":"2026-05-20T13:29:28.627096Z","level":"info","event":"Pushing xcom","ti":"RuntimeTaskInstance(id=UUID('019e4593-a647-7cb1-91fa-3cbd1d87fee5'), task_id='print_hello', dag_id='my_first_dag', run_id='scheduled__2026-05-20T00:00:00+00:00', try_number=1, dag_version_id=UUID('019e4569-66c4-7158-aea1-2085bf8651c7'), map_index=-1, hostname='priyankas-macbook-air.local', context_carrier={'traceparent': '00-56e6cc630be326a0e2797e8d9054bef8-7b9acc34f9cf2292-01'}, task=<Task(BashOperator): print_hello>, bundle_instance=LocalDagBundle(name=dags-folder), max_tries=0, start_date=datetime.datetime(2026, 5, 20, 13, 29, 26, 208263, tzinfo=datetime.timezone.utc), end_date=None, state=<TaskInstanceState.RUNNING: 'running'>, is_mapped=False, rendered_map_index=None, sentry_integration='')","logger":"task","filename":"task_runner.py","lineno":1724}
{"timestamp":"2026-05-20T13:29:28.658379Z","level":"info","event":"Task instance in success state","logger":"task.stdout"}
{"timestamp":"2026-05-20T13:29:28.658493Z","level":"info","event":" Previous state of the Task instance: TaskInstanceState.RUNNING","logger":"task.stdout"}
{"timestamp":"2026-05-20T13:29:28.658923Z","level":"info","event":"Task operator:<Task(BashOperator): print_hello>","logger":"task.stdout"}
